2025-02-02 23:28:39 - INFO - ‚úÖ Archivo boletines_2023.xlsx cargado correctamente. 890 boletines encontrados.
2025-02-02 23:28:39 - INFO - üîç Consultando API con bolet√≠n 16535-24 (ID enviado: 16535)
2025-02-02 23:28:40 - ERROR - ‚ùå Error al parsear XML para bolet√≠n 16535: not well-formed (invalid token): line 15, column 99
2025-02-02 23:28:41 - INFO - üîç Consultando API con bolet√≠n 16505-04 (ID enviado: 16505)
2025-02-02 23:28:42 - ERROR - ‚ùå Error al parsear XML para bolet√≠n 16505: not well-formed (invalid token): line 15, column 99
2025-02-02 23:28:43 - INFO - üîç Consultando API con bolet√≠n 16504-33 (ID enviado: 16504)
2025-02-02 23:28:44 - ERROR - ‚ùå Error al parsear XML para bolet√≠n 16504: not well-formed (invalid token): line 15, column 99
2025-02-02 23:28:44 - INFO - üîç Consultando API con bolet√≠n 16512-07 (ID enviado: 16512)
2025-02-02 23:28:45 - ERROR - ‚ùå Error al parsear XML para bolet√≠n 16512: not well-formed (invalid token): line 15, column 99
2025-02-02 23:28:46 - INFO - üîç Consultando API con bolet√≠n 16534-07 (ID enviado: 16534)
2025-02-02 23:28:47 - ERROR - ‚ùå Error al parsear XML para bolet√≠n 16534: not well-formed (invalid token): line 15, column 99
2025-02-02 23:28:48 - INFO - üîç Consultando API con bolet√≠n 16498-13 (ID enviado: 16498)
2025-02-02 23:28:49 - ERROR - ‚ùå Error al parsear XML para bolet√≠n 16498: not well-formed (invalid token): line 15, column 99
2025-02-02 23:28:49 - INFO - üîç Consultando API con bolet√≠n 16533-07 (ID enviado: 16533)
2025-02-02 23:28:50 - ERROR - ‚ùå Error al parsear XML para bolet√≠n 16533: not well-formed (invalid token): line 15, column 99
2025-02-02 23:28:51 - INFO - üîç Consultando API con bolet√≠n 16532-03 (ID enviado: 16532)
2025-02-02 23:28:52 - ERROR - ‚ùå Error al parsear XML para bolet√≠n 16532: not well-formed (invalid token): line 15, column 99
2025-02-02 23:28:52 - INFO - üîç Consultando API con bolet√≠n 16531-29 (ID enviado: 16531)
2025-02-02 23:28:54 - ERROR - ‚ùå Error al parsear XML para bolet√≠n 16531: not well-formed (invalid token): line 15, column 99
2025-02-02 23:28:54 - INFO - üîç Consultando API con bolet√≠n 16530-06 (ID enviado: 16530)
2025-02-02 23:28:55 - ERROR - ‚ùå Error al parsear XML para bolet√≠n 16530: not well-formed (invalid token): line 15, column 99
2025-02-02 23:28:56 - INFO - üîç Consultando API con bolet√≠n 16529-05 (ID enviado: 16529)
2025-02-02 23:28:57 - ERROR - ‚ùå Error al parsear XML para bolet√≠n 16529: not well-formed (invalid token): line 15, column 99
2025-02-02 23:28:57 - INFO - üîç Consultando API con bolet√≠n 16528-07 (ID enviado: 16528)
2025-02-02 23:28:58 - ERROR - ‚ùå Error al parsear XML para bolet√≠n 16528: not well-formed (invalid token): line 15, column 99
2025-02-02 23:28:59 - INFO - üîç Consultando API con bolet√≠n 16497-04 (ID enviado: 16497)
2025-02-02 23:29:00 - ERROR - ‚ùå Error al parsear XML para bolet√≠n 16497: not well-formed (invalid token): line 15, column 99
2025-02-02 23:29:01 - INFO - üîç Consultando API con bolet√≠n 16496-25 (ID enviado: 16496)
2025-02-02 23:29:02 - ERROR - ‚ùå Error al parsear XML para bolet√≠n 16496: not well-formed (invalid token): line 15, column 99
2025-02-02 23:29:02 - INFO - üîç Consultando API con bolet√≠n 16526-13 (ID enviado: 16526)
2025-02-02 23:29:03 - ERROR - ‚ùå Error al parsear XML para bolet√≠n 16526: not well-formed (invalid token): line 15, column 99
2025-02-02 23:29:04 - INFO - üîç Consultando API con bolet√≠n 16525-07 (ID enviado: 16525)
2025-02-02 23:29:05 - ERROR - ‚ùå Error al parsear XML para bolet√≠n 16525: not well-formed (invalid token): line 15, column 99
2025-02-02 23:29:05 - INFO - üîç Consultando API con bolet√≠n 16524-07 (ID enviado: 16524)
2025-02-02 23:29:07 - ERROR - ‚ùå Error al parsear XML para bolet√≠n 16524: not well-formed (invalid token): line 15, column 99
2025-02-02 23:29:07 - INFO - üîç Consultando API con bolet√≠n 16523-07 (ID enviado: 16523)
2025-02-02 23:29:08 - ERROR - ‚ùå Error al parsear XML para bolet√≠n 16523: not well-formed (invalid token): line 15, column 99
2025-02-02 23:29:09 - INFO - üîç Consultando API con bolet√≠n 16521-07 (ID enviado: 16521)
2025-02-02 23:29:10 - ERROR - ‚ùå Error al parsear XML para bolet√≠n 16521: not well-formed (invalid token): line 15, column 99
2025-02-02 23:29:10 - INFO - üîç Consultando API con bolet√≠n 16520-04 (ID enviado: 16520)
2025-02-02 23:29:11 - ERROR - ‚ùå Error al parsear XML para bolet√≠n 16520: not well-formed (invalid token): line 15, column 99
2025-02-02 23:29:12 - INFO - üîç Consultando API con bolet√≠n 16519-15 (ID enviado: 16519)
2025-02-02 23:29:13 - ERROR - ‚ùå Error al parsear XML para bolet√≠n 16519: not well-formed (invalid token): line 15, column 99
2025-02-02 23:29:14 - INFO - üîç Consultando API con bolet√≠n 16503-07 (ID enviado: 16503)
2025-02-02 23:29:15 - ERROR - ‚ùå Error al parsear XML para bolet√≠n 16503: not well-formed (invalid token): line 15, column 99
2025-02-02 23:29:15 - INFO - üîç Consultando API con bolet√≠n 16502-07 (ID enviado: 16502)
2025-02-02 23:29:16 - ERROR - ‚ùå Error al parsear XML para bolet√≠n 16502: not well-formed (invalid token): line 15, column 99
2025-02-02 23:29:17 - INFO - üîç Consultando API con bolet√≠n 16493-07 (ID enviado: 16493)
2025-02-02 23:29:18 - ERROR - ‚ùå Error al parsear XML para bolet√≠n 16493: not well-formed (invalid token): line 15, column 99
2025-02-02 23:29:18 - INFO - üîç Consultando API con bolet√≠n 16492-03 (ID enviado: 16492)
2025-02-02 23:29:19 - ERROR - ‚ùå Error al parsear XML para bolet√≠n 16492: not well-formed (invalid token): line 15, column 99
2025-02-02 23:29:20 - INFO - üîç Consultando API con bolet√≠n 16491-37 (ID enviado: 16491)
2025-02-02 23:29:21 - ERROR - ‚ùå Error al parsear XML para bolet√≠n 16491: not well-formed (invalid token): line 15, column 99
2025-02-02 23:29:22 - INFO - üîç Consultando API con bolet√≠n 16527-04 (ID enviado: 16527)
2025-02-02 23:29:23 - ERROR - ‚ùå Error al parsear XML para bolet√≠n 16527: not well-formed (invalid token): line 15, column 99
2025-02-02 23:29:23 - INFO - üîç Consultando API con bolet√≠n 16522-24 (ID enviado: 16522)
2025-02-02 23:29:24 - ERROR - ‚ùå Error al parsear XML para bolet√≠n 16522: not well-formed (invalid token): line 15, column 99
2025-02-02 23:29:25 - INFO - üîç Consultando API con bolet√≠n 16518-11 (ID enviado: 16518)
2025-02-02 23:29:26 - ERROR - ‚ùå Error al parsear XML para bolet√≠n 16518: not well-formed (invalid token): line 15, column 99
2025-02-02 23:29:26 - INFO - üîç Consultando API con bolet√≠n 16483-07 (ID enviado: 16483)
2025-02-02 23:29:28 - ERROR - ‚ùå Error al parsear XML para bolet√≠n 16483: not well-formed (invalid token): line 15, column 99
2025-02-02 23:29:28 - INFO - üîç Consultando API con bolet√≠n 16482-11 (ID enviado: 16482)
2025-02-02 23:29:29 - ERROR - ‚ùå Error al parsear XML para bolet√≠n 16482: not well-formed (invalid token): line 15, column 99
2025-02-02 23:29:30 - INFO - üîç Consultando API con bolet√≠n 16481-25 (ID enviado: 16481)
2025-02-02 23:29:31 - ERROR - ‚ùå Error al parsear XML para bolet√≠n 16481: not well-formed (invalid token): line 15, column 99
2025-02-02 23:29:31 - INFO - üîç Consultando API con bolet√≠n 16480-02 (ID enviado: 16480)
2025-02-02 23:29:32 - ERROR - ‚ùå Error al parsear XML para bolet√≠n 16480: not well-formed (invalid token): line 15, column 99
2025-02-02 23:29:33 - INFO - üîç Consultando API con bolet√≠n 16476-07 (ID enviado: 16476)
2025-02-02 23:29:34 - ERROR - ‚ùå Error al parsear XML para bolet√≠n 16476: not well-formed (invalid token): line 15, column 99
2025-02-02 23:29:35 - INFO - üîç Consultando API con bolet√≠n 16474-07 (ID enviado: 16474)
2025-02-02 23:29:36 - ERROR - ‚ùå Error al parsear XML para bolet√≠n 16474: not well-formed (invalid token): line 15, column 99
2025-02-02 23:29:36 - INFO - üîç Consultando API con bolet√≠n 16514-15 (ID enviado: 16514)
2025-02-02 23:29:37 - ERROR - ‚ùå Error al parsear XML para bolet√≠n 16514: not well-formed (invalid token): line 15, column 99
2025-02-02 23:29:38 - INFO - üîç Consultando API con bolet√≠n 16513-07 (ID enviado: 16513)
2025-02-02 23:29:39 - ERROR - ‚ùå Error al parsear XML para bolet√≠n 16513: not well-formed (invalid token): line 15, column 99
2025-02-02 23:29:39 - INFO - üîç Consultando API con bolet√≠n 16511-13 (ID enviado: 16511)
2025-02-02 23:29:41 - ERROR - ‚ùå Error al parsear XML para bolet√≠n 16511: not well-formed (invalid token): line 15, column 99
2025-02-02 23:29:41 - INFO - üîç Consultando API con bolet√≠n 16477-36 (ID enviado: 16477)
2025-02-02 23:29:42 - ERROR - ‚ùå Error al parsear XML para bolet√≠n 16477: not well-formed (invalid token): line 15, column 99
2025-02-02 23:29:43 - INFO - üîç Consultando API con bolet√≠n 16475-05 (ID enviado: 16475)
2025-02-02 23:29:44 - ERROR - ‚ùå Error al parsear XML para bolet√≠n 16475: not well-formed (invalid token): line 15, column 99
2025-02-02 23:29:44 - INFO - üîç Consultando API con bolet√≠n 16507-07 (ID enviado: 16507)
2025-02-02 23:29:45 - ERROR - ‚ùå Error al parsear XML para bolet√≠n 16507: not well-formed (invalid token): line 15, column 99
2025-02-02 23:29:46 - INFO - üîç Consultando API con bolet√≠n 16506-15 (ID enviado: 16506)
2025-02-02 23:29:47 - ERROR - ‚ùå Error al parsear XML para bolet√≠n 16506: not well-formed (invalid token): line 15, column 99
2025-02-02 23:29:48 - INFO - üîç Consultando API con bolet√≠n 16495-03 (ID enviado: 16495)
2025-02-02 23:29:49 - ERROR - ‚ùå Error al parsear XML para bolet√≠n 16495: not well-formed (invalid token): line 15, column 99
2025-02-02 23:29:49 - INFO - üîç Consultando API con bolet√≠n 16494-05 (ID enviado: 16494)
2025-02-02 23:29:50 - ERROR - ‚ùå Error al parsear XML para bolet√≠n 16494: not well-formed (invalid token): line 15, column 99
2025-02-02 23:29:51 - INFO - üîç Consultando API con bolet√≠n 16490-15 (ID enviado: 16490)
2025-02-02 23:29:52 - ERROR - ‚ùå Error al parsear XML para bolet√≠n 16490: not well-formed (invalid token): line 15, column 99
2025-02-02 23:29:52 - INFO - üîç Consultando API con bolet√≠n 16489-06 (ID enviado: 16489)
2025-02-02 23:29:54 - ERROR - ‚ùå Error al parsear XML para bolet√≠n 16489: not well-formed (invalid token): line 15, column 99
2025-02-02 23:29:54 - INFO - üîç Consultando API con bolet√≠n 16488-15 (ID enviado: 16488)
2025-02-02 23:29:55 - ERROR - ‚ùå Error al parsear XML para bolet√≠n 16488: not well-formed (invalid token): line 15, column 99
2025-02-02 23:29:56 - INFO - üîç Consultando API con bolet√≠n 16487-12 (ID enviado: 16487)
2025-02-02 23:29:57 - ERROR - ‚ùå Error al parsear XML para bolet√≠n 16487: not well-formed (invalid token): line 15, column 99
2025-02-02 23:29:57 - INFO - üîç Consultando API con bolet√≠n 16486-25 (ID enviado: 16486)
2025-02-02 23:29:58 - ERROR - ‚ùå Error al parsear XML para bolet√≠n 16486: not well-formed (invalid token): line 15, column 99
2025-02-02 23:29:59 - INFO - üîç Consultando API con bolet√≠n 16485-21 (ID enviado: 16485)
2025-02-02 23:30:00 - ERROR - ‚ùå Error al parsear XML para bolet√≠n 16485: not well-formed (invalid token): line 15, column 99
2025-02-02 23:30:01 - INFO - üîç Consultando API con bolet√≠n 16484-24 (ID enviado: 16484)
2025-02-02 23:36:25 - INFO - \u2705 Archivo boletines_2023.xlsx cargado correctamente. 890 boletines encontrados.
2025-02-02 23:36:25 - INFO - \U0001f50d Consultando API con boletÌn 16535-24 (ID enviado: 16535)
2025-02-02 23:36:26 - INFO - \U0001f50e XML recibido para boletÌn 16535:
<proyectos><proyecto>
                 <descripcion>
                    <boletin>16535-24</boletin>
                    <titulo>Establece el 11 de agosto de cada aÒo como el DÌa Nacional del Hip Hop</titulo>
                    <fecha_ingreso>29/12/2023</fecha_ingreso>
                    <iniciativa>MociÛn</iniciativa>
                    <camara_origen>C.Diputados</camara_origen>
                    <urgencia_actual>Sin urgencia</urgencia_actual>
                    <etapa>Primer tr·mite cons...
2025-02-02 23:36:26 - ERROR - \u274c Error al parsear XML para boletÌn 16535: not well-formed (invalid token): line 15, column 99
2025-02-02 23:36:26 - WARNING - \u26a0\ufe0f XML problem·tico guardado en 'debug_boletin_16535.xml' para an·lisis.
2025-02-02 23:36:26 - INFO - \U0001f50d Consultando API con boletÌn 16505-04 (ID enviado: 16505)
2025-02-02 23:36:28 - INFO - \U0001f50e XML recibido para boletÌn 16505:
<proyectos><proyecto>
                 <descripcion>
                    <boletin>16505-04</boletin>
                    <titulo>Modifica la ley N∫ 21.040 en materia de suplencia de los directores ejecutivos y adelanta la entrada en funcionamiento del Servicio Local de EducaciÛn P˙blica de ChiloÈ</titulo>
                    <fecha_ingreso>29/12/2023</fecha_ingreso>
                    <iniciativa>Mensaje</iniciativa>
                    <camara_origen>C.Diputados</camara_origen>
               ...
2025-02-02 23:36:28 - ERROR - \u274c Error al parsear XML para boletÌn 16505: not well-formed (invalid token): line 15, column 99
2025-02-02 23:36:28 - WARNING - \u26a0\ufe0f XML problem·tico guardado en 'debug_boletin_16505.xml' para an·lisis.
2025-02-02 23:36:28 - INFO - \U0001f50d Consultando API con boletÌn 16504-33 (ID enviado: 16504)
2025-02-02 23:36:29 - INFO - \U0001f50e XML recibido para boletÌn 16504:
<proyectos><proyecto>
                 <descripcion>
                    <boletin>16504-33</boletin>
                    <titulo>Modifica el CÛdigo de Aguas en lo relativo al procedimiento de fiscalizaciÛn y vigilancia por parte de la DirecciÛn General de Aguas</titulo>
                    <fecha_ingreso>29/12/2023</fecha_ingreso>
                    <iniciativa>Mensaje</iniciativa>
                    <camara_origen>C.Diputados</camara_origen>
                    <urgencia_actual>Suma</urgencia...
2025-02-02 23:36:29 - ERROR - \u274c Error al parsear XML para boletÌn 16504: not well-formed (invalid token): line 15, column 99
2025-02-02 23:36:29 - WARNING - \u26a0\ufe0f XML problem·tico guardado en 'debug_boletin_16504.xml' para an·lisis.
2025-02-02 23:36:30 - INFO - \U0001f50d Consultando API con boletÌn 16512-07 (ID enviado: 16512)
2025-02-02 23:36:31 - INFO - \U0001f50e XML recibido para boletÌn 16512:
<proyectos><proyecto>
                 <descripcion>
                    <boletin>16512-07</boletin>
                    <titulo>Modifica la Carta Fundamental para dejar sin efecto las pensiones de gracia otorgadas a personas afectadas en el contexto de las manifestaciones sociales ocurridas a partir de octubre de 2019</titulo>
                    <fecha_ingreso>28/12/2023</fecha_ingreso>
                    <iniciativa>MociÛn</iniciativa>
                    <camara_origen>C.Diputados</camara_o...
2025-02-02 23:36:31 - ERROR - \u274c Error al parsear XML para boletÌn 16512: not well-formed (invalid token): line 15, column 99
2025-02-02 23:36:31 - WARNING - \u26a0\ufe0f XML problem·tico guardado en 'debug_boletin_16512.xml' para an·lisis.
2025-02-02 23:36:31 - INFO - \U0001f50d Consultando API con boletÌn 16534-07 (ID enviado: 16534)
2025-02-02 23:36:32 - INFO - \U0001f50e XML recibido para boletÌn 16534:
<proyectos><proyecto>
                 <descripcion>
                    <boletin>16534-07</boletin>
                    <titulo>Modifica el CÛdigo Penal para tipificar el delito de publicidad falsa o engaÒosa en perjuicio del consumidor</titulo>
                    <fecha_ingreso>27/12/2023</fecha_ingreso>
                    <iniciativa>MociÛn</iniciativa>
                    <camara_origen>C.Diputados</camara_origen>
                    <urgencia_actual>Sin urgencia</urgencia_actual>
        ...
2025-02-02 23:36:32 - ERROR - \u274c Error al parsear XML para boletÌn 16534: not well-formed (invalid token): line 15, column 99
2025-02-02 23:36:32 - WARNING - \u26a0\ufe0f XML problem·tico guardado en 'debug_boletin_16534.xml' para an·lisis.
2025-02-02 23:36:33 - INFO - \U0001f50d Consultando API con boletÌn 16498-13 (ID enviado: 16498)
2025-02-02 23:36:34 - INFO - \U0001f50e XML recibido para boletÌn 16498:
<proyectos><proyecto>
                 <descripcion>
                    <boletin>16498-13</boletin>
                    <titulo>Prorroga para el aÒo 2024, la facultad establecida en el artÌculo 66 de la ley N∫ 21.526, y regula otra materia que indica</titulo>
                    <fecha_ingreso>27/12/2023</fecha_ingreso>
                    <iniciativa>Mensaje</iniciativa>
                    <camara_origen>Senado</camara_origen>
                    <urgencia_actual>DiscusiÛn inmediata</urgencia...
2025-02-02 23:36:34 - ERROR - \u274c Error al parsear XML para boletÌn 16498: not well-formed (invalid token): line 15, column 99
2025-02-02 23:36:34 - WARNING - \u26a0\ufe0f XML problem·tico guardado en 'debug_boletin_16498.xml' para an·lisis.
2025-02-02 23:36:34 - INFO - \U0001f50d Consultando API con boletÌn 16533-07 (ID enviado: 16533)
2025-02-02 23:36:36 - INFO - \U0001f50e XML recibido para boletÌn 16533:
<proyectos><proyecto>
                 <descripcion>
                    <boletin>16533-07</boletin>
                    <titulo>Modifica el CÛdigo Tributario para fortalecer la autonomÌa del Ministerio P˙blico en la investigaciÛn y persecuciÛn de delitos tributarios</titulo>
                    <fecha_ingreso>26/12/2023</fecha_ingreso>
                    <iniciativa>MociÛn</iniciativa>
                    <camara_origen>C.Diputados</camara_origen>
                    <urgencia_actual>Sin urgen...
2025-02-02 23:36:36 - ERROR - \u274c Error al parsear XML para boletÌn 16533: not well-formed (invalid token): line 15, column 99
2025-02-02 23:36:36 - WARNING - \u26a0\ufe0f XML problem·tico guardado en 'debug_boletin_16533.xml' para an·lisis.
2025-02-02 23:36:36 - INFO - \U0001f50d Consultando API con boletÌn 16532-03 (ID enviado: 16532)
2025-02-02 23:36:37 - INFO - \U0001f50e XML recibido para boletÌn 16532:
<proyectos><proyecto>
                 <descripcion>
                    <boletin>16532-03</boletin>
                    <titulo>Modifica el CÛdigo Aeron·utico para establecer mayores indemnizaciones por cancelaciones o retrasos imputables a la empresa de transporte aÈreo</titulo>
                    <fecha_ingreso>22/12/2023</fecha_ingreso>
                    <iniciativa>MociÛn</iniciativa>
                    <camara_origen>C.Diputados</camara_origen>
                    <urgencia_actual>Sin ...
2025-02-02 23:36:37 - ERROR - \u274c Error al parsear XML para boletÌn 16532: not well-formed (invalid token): line 15, column 99
2025-02-02 23:36:37 - WARNING - \u26a0\ufe0f XML problem·tico guardado en 'debug_boletin_16532.xml' para an·lisis.
2025-02-02 23:36:38 - INFO - \U0001f50d Consultando API con boletÌn 16531-29 (ID enviado: 16531)
2025-02-02 23:38:17 - INFO - \u2705 Archivo boletines_2023.xlsx cargado correctamente. 890 boletines encontrados.
2025-02-02 23:38:17 - INFO - \U0001f50d Consultando API con boletÌn 16535-24 (ID enviado: 16535)
2025-02-02 23:38:18 - ERROR - \u274c Error al parsear XML para boletÌn 16535: not well-formed (invalid token): line 15, column 99
2025-02-02 23:38:18 - WARNING - \u26a0\ufe0f XML problem·tico guardado en 'debug_boletin_16535.xml' para an·lisis.
2025-02-02 23:38:19 - INFO - \U0001f50d Consultando API con boletÌn 16505-04 (ID enviado: 16505)
2025-02-02 23:38:20 - ERROR - \u274c Error al parsear XML para boletÌn 16505: not well-formed (invalid token): line 15, column 99
2025-02-02 23:38:20 - WARNING - \u26a0\ufe0f XML problem·tico guardado en 'debug_boletin_16505.xml' para an·lisis.
2025-02-02 23:38:21 - INFO - \U0001f50d Consultando API con boletÌn 16504-33 (ID enviado: 16504)
2025-02-02 23:38:22 - ERROR - \u274c Error al parsear XML para boletÌn 16504: not well-formed (invalid token): line 15, column 99
2025-02-02 23:38:22 - WARNING - \u26a0\ufe0f XML problem·tico guardado en 'debug_boletin_16504.xml' para an·lisis.
2025-02-02 23:38:22 - INFO - \U0001f50d Consultando API con boletÌn 16512-07 (ID enviado: 16512)
2025-02-02 23:38:23 - ERROR - \u274c Error al parsear XML para boletÌn 16512: not well-formed (invalid token): line 15, column 99
2025-02-02 23:38:23 - WARNING - \u26a0\ufe0f XML problem·tico guardado en 'debug_boletin_16512.xml' para an·lisis.
2025-02-02 23:38:24 - INFO - \U0001f50d Consultando API con boletÌn 16534-07 (ID enviado: 16534)
2025-02-02 23:38:25 - ERROR - \u274c Error al parsear XML para boletÌn 16534: not well-formed (invalid token): line 15, column 99
2025-02-02 23:38:25 - WARNING - \u26a0\ufe0f XML problem·tico guardado en 'debug_boletin_16534.xml' para an·lisis.
2025-02-02 23:41:52 - INFO - \u2705 Archivo boletines_2023.xlsx cargado correctamente. 890 boletines encontrados.
2025-02-02 23:41:52 - INFO - \U0001f50d Consultando API con boletÌn 16535-24 (ID enviado: 16535)
2025-02-02 23:41:58 - INFO - \u2705 Archivo boletines_2023.xlsx cargado correctamente. 890 boletines encontrados.
2025-02-02 23:41:58 - INFO - \U0001f50d Consultando API con boletÌn 16535-24 (ID enviado: 16535)
2025-02-02 23:41:59 - ERROR - \u274c Error al convertir XML a JSON para boletÌn 16535: not well-formed (invalid token): line 15, column 99
2025-02-02 23:42:00 - INFO - \U0001f50d Consultando API con boletÌn 16505-04 (ID enviado: 16505)
2025-02-02 23:42:01 - ERROR - \u274c Error al convertir XML a JSON para boletÌn 16505: not well-formed (invalid token): line 15, column 99
2025-02-02 23:42:01 - INFO - \U0001f50d Consultando API con boletÌn 16504-33 (ID enviado: 16504)
2025-02-02 23:42:02 - ERROR - \u274c Error al convertir XML a JSON para boletÌn 16504: not well-formed (invalid token): line 15, column 99
2025-02-02 23:42:03 - INFO - \U0001f50d Consultando API con boletÌn 16512-07 (ID enviado: 16512)
2025-02-02 23:42:04 - ERROR - \u274c Error al convertir XML a JSON para boletÌn 16512: not well-formed (invalid token): line 15, column 99
2025-02-02 23:42:04 - INFO - \U0001f50d Consultando API con boletÌn 16534-07 (ID enviado: 16534)
2025-02-02 23:42:06 - ERROR - \u274c Error al convertir XML a JSON para boletÌn 16534: not well-formed (invalid token): line 15, column 99
2025-02-02 23:42:06 - INFO - \U0001f50d Consultando API con boletÌn 16498-13 (ID enviado: 16498)
2025-02-02 23:42:07 - ERROR - \u274c Error al convertir XML a JSON para boletÌn 16498: not well-formed (invalid token): line 15, column 99
2025-02-02 23:42:08 - INFO - \U0001f50d Consultando API con boletÌn 16533-07 (ID enviado: 16533)
2025-02-02 23:42:09 - ERROR - \u274c Error al convertir XML a JSON para boletÌn 16533: not well-formed (invalid token): line 15, column 99
2025-02-02 23:42:09 - INFO - \U0001f50d Consultando API con boletÌn 16532-03 (ID enviado: 16532)
